2024-10-03 11:22:30,004 - 
--- Starting new trading cycle ---
2024-10-03 11:22:30,400 - Symbol: NVDA, Change %: +3.42%
2024-10-03 11:22:31,060 - Model predicts loss for NVDA. Skipping trade.
2024-10-03 11:22:31,063 - Symbol: INND, Change %: 0.00%
2024-10-03 11:22:31,418 - Symbol: SWN, Change %: -0.56%
2024-10-03 11:22:31,536 - $SWN: possibly delisted; No price data found  (period=1d)
2024-10-03 11:22:31,536 - Error trading SWN: single positional indexer is out-of-bounds
2024-10-03 11:22:31,536 - Symbol: NIO, Change %: -6.66%
2024-10-03 11:22:31,898 - Model predicts loss for NIO. Skipping trade.
2024-10-03 11:22:31,900 - Symbol: TSLA, Change %: -2.29%
2024-10-03 11:22:32,324 - Model predicts loss for TSLA. Skipping trade.
2024-10-03 11:22:32,327 - Symbol: PLTR, Change %: +3.55%
2024-10-03 11:22:32,705 - Model predicts loss for PLTR. Skipping trade.
2024-10-03 11:22:32,708 - Symbol: INTC, Change %: -0.60%
2024-10-03 11:22:33,223 - Model predicts loss for INTC. Skipping trade.
2024-10-03 11:22:33,226 - Symbol: PWSC, Change %: -0.18%
2024-10-03 11:22:33,301 - $PWSC: possibly delisted; No price data found  (period=1d)
2024-10-03 11:22:33,301 - Error trading PWSC: single positional indexer is out-of-bounds
2024-10-03 11:22:33,301 - Symbol: BABA, Change %: -1.83%
2024-10-03 11:22:33,687 - Model predicts loss for BABA. Skipping trade.
2024-10-03 11:22:33,689 - Symbol: SMCI, Change %: +1.74%
2024-10-03 11:22:34,053 - Model predicts loss for SMCI. Skipping trade.
2024-10-03 11:22:34,057 - Symbol: JD, Change %: -1.05%
2024-10-03 11:22:34,388 - Model predicts loss for JD. Skipping trade.
2024-10-03 11:22:34,391 - Symbol: IQ, Change %: -5.90%
2024-10-03 11:22:34,736 - Model predicts loss for IQ. Skipping trade.
2024-10-03 11:22:34,739 - Symbol: AMD, Change %: +2.61%
2024-10-03 11:22:35,115 - Model predicts loss for AMD. Skipping trade.
2024-10-03 11:22:35,118 - Symbol: HIMS, Change %: -11.09%
2024-10-03 11:22:35,407 - Negative trend for HIMS, placing a put trade.
2024-10-03 11:22:35,716 - Placing put order for HIMS241004P00010000
2024-10-03 11:22:35,734 - Placing PUT order for HIMS241004P00010000, Quantity: 1, Price: 16.940000534057617
2024-10-03 11:22:35,734 - Symbol: F, Change %: -0.83%
2024-10-03 11:22:36,274 - Model predicts loss for F. Skipping trade.
2024-10-03 11:22:36,276 - Symbol: BBD, Change %: -2.58%
2024-10-03 11:22:36,872 - Model predicts loss for BBD. Skipping trade.
2024-10-03 11:22:36,875 - Symbol: VALE, Change %: -3.01%
2024-10-03 11:22:37,367 - Model predicts loss for VALE. Skipping trade.
2024-10-03 11:22:37,369 - Symbol: BEKE, Change %: +0.04%
2024-10-03 11:22:37,905 - Negative trend for BEKE, placing a put trade.
2024-10-03 11:22:38,190 - Placing put order for BEKE241004P00010500
2024-10-03 11:22:38,209 - Placing PUT order for BEKE241004P00010500, Quantity: 1, Price: 24.635000228881836
2024-10-03 11:22:38,209 - Symbol: AAL, Change %: +0.37%
2024-10-03 11:22:38,684 - Model predicts loss for AAL. Skipping trade.
2024-10-03 11:22:38,687 - Symbol: NU, Change %: -1.51%
2024-10-03 11:22:39,067 - Model predicts loss for NU. Skipping trade.
2024-10-03 11:22:39,069 - Symbol: MARA, Change %: -0.71%
2024-10-03 11:22:39,468 - Model predicts loss for MARA. Skipping trade.
2024-10-03 11:22:39,471 - Symbol: BILI, Change %: -8.87%
2024-10-03 11:22:39,844 - Negative trend for BILI, placing a put trade.
2024-10-03 11:22:40,124 - Placing put order for BILI241004P00009500
2024-10-03 11:22:40,146 - Placing PUT order for BILI241004P00009500, Quantity: 1, Price: 27.139999389648438
2024-10-03 11:22:40,146 - Symbol: RLX, Change %: +6.42%
2024-10-03 11:22:40,579 - Negative trend for RLX, placing a put trade.
2024-10-03 11:22:40,816 - Placing put order for RLX241018P00001500
2024-10-03 11:22:42,793 - RLX2: No data found, symbol may be delisted
2024-10-03 11:22:42,793 - Error placing order for RLX241018P00001500: single positional indexer is out-of-bounds
2024-10-03 11:22:42,793 - Symbol: AMZN, Change %: -1.12%
2024-10-03 11:22:43,189 - Model predicts loss for AMZN. Skipping trade.
2024-10-03 11:22:43,192 - Symbol: FUTU, Change %: +4.09%
2024-10-03 11:22:43,626 - Negative trend for FUTU, placing a put trade.
2024-10-03 11:22:43,965 - Placing put order for FUTU241004P00047000
2024-10-03 11:22:43,982 - Placing PUT order for FUTU241004P00047000, Quantity: 1, Price: 117.68000030517578
2024-10-03 11:22:43,982 - Waiting 180 seconds before the next cycle...
2024-10-03 11:27:23,269 - 
--- Starting new trading cycle ---
2024-10-03 11:27:23,674 - Symbol: NVDA, Change %: +3.37%
2024-10-03 11:27:24,318 - Model predicts loss for NVDA. Skipping trade.
2024-10-03 11:27:24,320 - Symbol: INND, Change %: 0.00%
2024-10-03 11:27:24,703 - Model predicts profit for INND. Proceeding with trade.
2024-10-03 11:27:24,703 - Symbol: SWN, Change %: -0.56%
2024-10-03 11:27:24,832 - $SWN: possibly delisted; No price data found  (period=1d)
2024-10-03 11:27:24,832 - Error trading SWN: single positional indexer is out-of-bounds
2024-10-03 11:27:24,832 - Symbol: NIO, Change %: -6.51%
2024-10-03 11:27:25,230 - Model predicts loss for NIO. Skipping trade.
2024-10-03 11:27:25,233 - Symbol: TSLA, Change %: -2.28%
2024-10-03 11:27:25,538 - Model predicts loss for TSLA. Skipping trade.
2024-10-03 11:27:25,540 - Symbol: PLTR, Change %: +3.64%
2024-10-03 11:27:26,009 - Model predicts loss for PLTR. Skipping trade.
2024-10-03 11:27:26,012 - Symbol: INTC, Change %: -0.63%
2024-10-03 11:27:26,458 - Model predicts loss for INTC. Skipping trade.
2024-10-03 11:27:26,460 - Symbol: PWSC, Change %: -0.18%
2024-10-03 11:27:26,537 - $PWSC: possibly delisted; No price data found  (period=1d)
2024-10-03 11:27:26,537 - Error trading PWSC: single positional indexer is out-of-bounds
2024-10-03 11:27:26,537 - Symbol: BABA, Change %: -1.67%
2024-10-03 11:27:26,901 - Model predicts loss for BABA. Skipping trade.
2024-10-03 11:27:26,904 - Symbol: JD, Change %: -1.02%
2024-10-03 11:27:27,218 - Model predicts loss for JD. Skipping trade.
2024-10-03 11:27:27,220 - Symbol: IQ, Change %: -5.96%
2024-10-03 11:27:27,536 - Model predicts loss for IQ. Skipping trade.
2024-10-03 11:27:27,538 - Symbol: AMD, Change %: +2.64%
2024-10-03 11:27:27,791 - Model predicts loss for AMD. Skipping trade.
2024-10-03 11:27:27,794 - Symbol: SMCI, Change %: +1.76%
2024-10-03 11:27:28,093 - Model predicts loss for SMCI. Skipping trade.
2024-10-03 11:27:28,095 - Symbol: HIMS, Change %: -10.86%
2024-10-03 11:27:28,430 - Model predicts profit for HIMS. Proceeding with trade.
2024-10-03 11:27:28,431 - Symbol: F, Change %: -0.86%
2024-10-03 11:27:29,028 - Model predicts loss for F. Skipping trade.
2024-10-03 11:27:29,031 - Symbol: VALE, Change %: -2.84%
2024-10-03 11:27:29,399 - Model predicts loss for VALE. Skipping trade.
2024-10-03 11:27:29,402 - Symbol: BBD, Change %: -2.58%
2024-10-03 11:27:29,838 - Model predicts loss for BBD. Skipping trade.
2024-10-03 11:27:29,840 - Symbol: BEKE, Change %: +0.14%
2024-10-03 11:27:30,185 - Model predicts profit for BEKE. Proceeding with trade.
2024-10-03 11:27:30,185 - Symbol: AAL, Change %: +0.47%
2024-10-03 11:27:30,522 - Model predicts loss for AAL. Skipping trade.
2024-10-03 11:27:30,524 - Symbol: NU, Change %: -1.48%
2024-10-03 11:27:30,839 - Model predicts loss for NU. Skipping trade.
2024-10-03 11:27:30,842 - Symbol: MARA, Change %: -0.62%
2024-10-03 11:27:31,187 - Model predicts loss for MARA. Skipping trade.
2024-10-03 11:27:31,190 - Symbol: BILI, Change %: -8.56%
2024-10-03 11:27:31,474 - Model predicts profit for BILI. Proceeding with trade.
2024-10-03 11:27:31,474 - Symbol: RLX, Change %: +6.70%
2024-10-03 11:27:31,836 - Model predicts profit for RLX. Proceeding with trade.
2024-10-03 11:27:31,836 - Symbol: AMZN, Change %: -0.97%
2024-10-03 11:27:32,114 - Model predicts loss for AMZN. Skipping trade.
2024-10-03 11:27:32,117 - Symbol: FUTU, Change %: +4.35%
2024-10-03 11:27:32,536 - Model predicts profit for FUTU. Proceeding with trade.
2024-10-03 11:41:29,457 - 
--- Starting new trading cycle ---
2024-10-03 11:41:30,298 - Symbol: NVDA, Change %: +3.35%
2024-10-03 11:41:32,212 - Trade evaluation for NVDA: Expected outcome: Loss
2024-10-03 11:41:32,212 - Adjusting strategy for NVDA to avoid losses...
2024-10-03 11:41:32,215 - Symbol: INND, Change %: 0.00%
2024-10-03 11:41:32,577 - Trade evaluation for INND: Expected outcome: Profitable
2024-10-03 11:41:32,810 - Error placing BUY order for INND: {"code":40010001,"message":"asset INND is not active"}
2024-10-03 11:41:32,810 - Placed call trade for INND, Quantity: 1, Price: 0.16157999634742737
2024-10-03 11:41:32,810 - Symbol: SWN, Change %: -0.56%
2024-10-03 11:41:33,049 - $SWN: possibly delisted; No price data found  (period=1d)
2024-10-03 11:41:33,049 - Error trading SWN: single positional indexer is out-of-bounds
2024-10-03 11:41:33,049 - Symbol: NIO, Change %: -5.89%
2024-10-03 11:41:33,394 - Trade evaluation for NIO: Expected outcome: Loss
2024-10-03 11:41:33,394 - Adjusting strategy for NIO to avoid losses...
2024-10-03 11:41:33,396 - Symbol: TSLA, Change %: -2.66%
2024-10-03 11:41:33,729 - Trade evaluation for TSLA: Expected outcome: Loss
2024-10-03 11:41:33,729 - Adjusting strategy for TSLA to avoid losses...
2024-10-03 11:41:33,732 - Symbol: PLTR, Change %: +3.48%
2024-10-03 11:41:34,087 - Trade evaluation for PLTR: Expected outcome: Loss
2024-10-03 11:41:34,087 - Adjusting strategy for PLTR to avoid losses...
2024-10-03 11:41:34,090 - Symbol: INTC, Change %: -0.79%
2024-10-03 11:41:34,634 - Trade evaluation for INTC: Expected outcome: Loss
2024-10-03 11:41:34,634 - Adjusting strategy for INTC to avoid losses...
2024-10-03 11:41:34,637 - Symbol: PWSC, Change %: -0.18%
2024-10-03 11:41:34,769 - $PWSC: possibly delisted; No price data found  (period=1d)
2024-10-03 11:41:34,769 - Error trading PWSC: single positional indexer is out-of-bounds
2024-10-03 11:41:34,769 - Symbol: BABA, Change %: -1.13%
2024-10-03 11:41:35,092 - Trade evaluation for BABA: Expected outcome: Loss
2024-10-03 11:41:35,092 - Adjusting strategy for BABA to avoid losses...
2024-10-03 11:41:35,094 - Symbol: JD, Change %: -0.15%
2024-10-03 11:41:35,515 - Trade evaluation for JD: Expected outcome: Loss
2024-10-03 11:41:35,515 - Adjusting strategy for JD to avoid losses...
2024-10-03 11:41:35,517 - Symbol: IQ, Change %: -5.28%
2024-10-03 11:41:35,830 - Trade evaluation for IQ: Expected outcome: Loss
2024-10-03 11:41:35,831 - Adjusting strategy for IQ to avoid losses...
2024-10-03 11:41:35,833 - Symbol: AMD, Change %: +2.64%
2024-10-03 11:41:36,202 - Trade evaluation for AMD: Expected outcome: Loss
2024-10-03 11:41:36,202 - Adjusting strategy for AMD to avoid losses...
2024-10-03 11:41:36,204 - Symbol: SMCI, Change %: +1.32%
2024-10-03 11:41:36,542 - Trade evaluation for SMCI: Expected outcome: Loss
2024-10-03 11:41:36,542 - Adjusting strategy for SMCI to avoid losses...
2024-10-03 11:41:36,545 - Symbol: F, Change %: -1.00%
2024-10-03 11:41:37,035 - Trade evaluation for F: Expected outcome: Loss
2024-10-03 11:41:37,035 - Adjusting strategy for F to avoid losses...
2024-10-03 11:41:37,038 - Symbol: VALE, Change %: -3.01%
2024-10-03 11:41:37,438 - Trade evaluation for VALE: Expected outcome: Loss
2024-10-03 11:41:37,438 - Adjusting strategy for VALE to avoid losses...
2024-10-03 11:41:37,442 - Symbol: HIMS, Change %: -9.82%
2024-10-03 11:41:37,782 - Trade evaluation for HIMS: Expected outcome: Profitable
2024-10-03 11:41:37,848 - Order ID: 25bf3fd4-8f84-4eeb-a06d-7b672ff74bd7, Status: OrderStatus.PENDING_NEW
2024-10-03 11:41:37,926 - Error placing BUY order for HIMS: {"code":40010001,"message":"qty or notional is required"}
2024-10-03 11:41:37,926 - Placed call trade for HIMS, Quantity: 1, Price: 17.140100479125977
2024-10-03 11:41:37,926 - Symbol: NU, Change %: -1.21%
2024-10-03 11:41:38,236 - Trade evaluation for NU: Expected outcome: Loss
2024-10-03 11:41:38,236 - Adjusting strategy for NU to avoid losses...
2024-10-03 11:41:38,239 - Symbol: BBD, Change %: -2.40%
2024-10-03 11:41:38,748 - Trade evaluation for BBD: Expected outcome: Loss
2024-10-03 11:41:38,748 - Adjusting strategy for BBD to avoid losses...
2024-10-03 11:41:38,751 - Symbol: AAL, Change %: +0.28%
2024-10-03 11:41:39,153 - Trade evaluation for AAL: Expected outcome: Loss
2024-10-03 11:41:39,153 - Adjusting strategy for AAL to avoid losses...
2024-10-03 11:41:39,155 - Symbol: BEKE, Change %: +0.90%
2024-10-03 11:41:39,462 - Trade evaluation for BEKE: Expected outcome: Profitable
2024-10-03 11:41:39,521 - Order ID: 27cba27d-c75c-47fd-8e59-563f77f54b9f, Status: OrderStatus.PENDING_NEW
2024-10-03 11:41:39,597 - Error placing BUY order for BEKE: {"code":40010001,"message":"qty or notional is required"}
2024-10-03 11:41:39,598 - Placed call trade for BEKE, Quantity: 1, Price: 24.905000686645508
2024-10-03 11:41:39,598 - Symbol: MARA, Change %: -0.89%
2024-10-03 11:41:39,901 - Trade evaluation for MARA: Expected outcome: Loss
2024-10-03 11:41:39,901 - Adjusting strategy for MARA to avoid losses...
2024-10-03 11:41:39,903 - Symbol: RLX, Change %: +7.00%
2024-10-03 11:41:40,260 - Trade evaluation for RLX: Expected outcome: Profitable
2024-10-03 11:41:40,317 - Order ID: 86d44921-c652-4fe9-a578-80ea0aa67b6c, Status: OrderStatus.PENDING_NEW
2024-10-03 11:41:40,384 - Error placing BUY order for RLX: {"code":40010001,"message":"qty or notional is required"}
2024-10-03 11:41:40,384 - Placed call trade for RLX, Quantity: 1, Price: 1.9149999618530273
2024-10-03 11:41:40,384 - Symbol: BILI, Change %: -7.54%
2024-10-03 11:41:40,779 - Trade evaluation for BILI: Expected outcome: Profitable
2024-10-03 11:41:40,836 - Order ID: edfc834a-2d6f-4ca4-9eef-ed6b9d19f1b0, Status: OrderStatus.PENDING_NEW
2024-10-03 11:41:40,910 - Error placing BUY order for BILI: {"code":40010001,"message":"qty or notional is required"}
2024-10-03 11:41:40,910 - Placed call trade for BILI, Quantity: 1, Price: 27.459999084472656
2024-10-03 11:41:40,910 - Symbol: AMZN, Change %: -1.09%
2024-10-03 11:41:41,334 - Trade evaluation for AMZN: Expected outcome: Loss
2024-10-03 11:41:41,334 - Adjusting strategy for AMZN to avoid losses...
2024-10-03 11:41:41,337 - Symbol: FUTU, Change %: +6.15%
2024-10-03 11:41:41,683 - Trade evaluation for FUTU: Expected outcome: Profitable
2024-10-03 11:41:41,737 - Order ID: a37ab87d-d5c0-4c74-a5c1-9747b0d8281b, Status: OrderStatus.PENDING_NEW
2024-10-03 11:41:41,813 - Error placing BUY order for FUTU: {"code":40010001,"message":"qty or notional is required"}
2024-10-03 11:41:41,813 - Placed call trade for FUTU, Quantity: 1, Price: 119.80010223388672
2024-10-03 11:45:29,681 - 
--- Starting new trading cycle ---
2024-10-03 11:45:30,170 - Symbol: NVDA, Change %: +3.35%
2024-10-03 11:45:30,824 - Trade evaluation for NVDA: Expected outcome: Loss
2024-10-03 11:45:30,824 - Adjusting strategy for NVDA to avoid losses...
2024-10-03 11:45:30,824 - Consider adjusting entry point, price levels, or wait for better sentiment/volatility for NVDA
2024-10-03 11:45:30,826 - Symbol: INND, Change %: 0.00%
2024-10-03 11:45:31,222 - Trade evaluation for INND: Expected outcome: Profitable
2024-10-03 11:45:31,222 - Placing trade for INND with expected profitable outcome.
2024-10-03 11:45:31,457 - Error placing BUY order for INND: {"code":40010001,"message":"asset INND is not active"}
2024-10-03 11:45:31,457 - Placed call trade for INND, Quantity: 1, Price: 0.16157999634742737
2024-10-03 11:45:31,457 - Symbol: SWN, Change %: -0.56%
2024-10-03 11:45:31,582 - $SWN: possibly delisted; No price data found  (period=1d)
2024-10-03 11:45:31,583 - Error trading SWN: single positional indexer is out-of-bounds
2024-10-03 11:45:31,583 - Symbol: NIO, Change %: -5.89%
2024-10-03 11:45:31,954 - Trade evaluation for NIO: Expected outcome: Loss
2024-10-03 11:45:31,954 - Adjusting strategy for NIO to avoid losses...
2024-10-03 11:45:31,954 - Consider adjusting entry point, price levels, or wait for better sentiment/volatility for NIO
2024-10-03 11:45:31,956 - Symbol: TSLA, Change %: -2.66%
2024-10-03 11:45:32,282 - Trade evaluation for TSLA: Expected outcome: Loss
2024-10-03 11:45:32,282 - Adjusting strategy for TSLA to avoid losses...
2024-10-03 11:45:32,282 - Consider adjusting entry point, price levels, or wait for better sentiment/volatility for TSLA
2024-10-03 11:45:32,285 - Symbol: PLTR, Change %: +3.48%
2024-10-03 11:45:32,672 - Trade evaluation for PLTR: Expected outcome: Loss
2024-10-03 11:45:32,672 - Adjusting strategy for PLTR to avoid losses...
2024-10-03 11:45:32,672 - Consider adjusting entry point, price levels, or wait for better sentiment/volatility for PLTR
2024-10-03 11:45:32,675 - Symbol: INTC, Change %: -0.79%
2024-10-03 11:45:33,205 - Trade evaluation for INTC: Expected outcome: Loss
2024-10-03 11:45:33,205 - Adjusting strategy for INTC to avoid losses...
2024-10-03 11:45:33,205 - Consider adjusting entry point, price levels, or wait for better sentiment/volatility for INTC
2024-10-03 11:45:33,207 - Symbol: PWSC, Change %: -0.18%
2024-10-03 11:45:33,340 - $PWSC: possibly delisted; No price data found  (period=1d)
2024-10-03 11:45:33,341 - Error trading PWSC: single positional indexer is out-of-bounds
2024-10-03 11:45:33,341 - Symbol: BABA, Change %: -1.13%
2024-10-03 11:45:33,622 - Trade evaluation for BABA: Expected outcome: Loss
2024-10-03 11:45:33,622 - Adjusting strategy for BABA to avoid losses...
2024-10-03 11:45:33,622 - Consider adjusting entry point, price levels, or wait for better sentiment/volatility for BABA
2024-10-03 11:45:33,624 - Symbol: JD, Change %: -0.15%
2024-10-03 11:45:34,002 - Trade evaluation for JD: Expected outcome: Loss
2024-10-03 11:45:34,002 - Adjusting strategy for JD to avoid losses...
2024-10-03 11:45:34,002 - Consider adjusting entry point, price levels, or wait for better sentiment/volatility for JD
2024-10-03 11:45:34,005 - Symbol: IQ, Change %: -5.28%
2024-10-03 11:45:34,316 - Trade evaluation for IQ: Expected outcome: Loss
2024-10-03 11:45:34,316 - Adjusting strategy for IQ to avoid losses...
2024-10-03 11:45:34,316 - Consider adjusting entry point, price levels, or wait for better sentiment/volatility for IQ
2024-10-03 11:45:34,319 - Symbol: AMD, Change %: +2.64%
2024-10-03 11:45:34,711 - Trade evaluation for AMD: Expected outcome: Loss
2024-10-03 11:45:34,711 - Adjusting strategy for AMD to avoid losses...
2024-10-03 11:45:34,711 - Consider adjusting entry point, price levels, or wait for better sentiment/volatility for AMD
2024-10-03 11:45:34,713 - Symbol: SMCI, Change %: +1.32%
2024-10-03 11:45:35,123 - Trade evaluation for SMCI: Expected outcome: Loss
2024-10-03 11:45:35,123 - Adjusting strategy for SMCI to avoid losses...
2024-10-03 11:45:35,123 - Consider adjusting entry point, price levels, or wait for better sentiment/volatility for SMCI
2024-10-03 11:45:35,125 - Symbol: F, Change %: -1.00%
2024-10-03 11:45:35,692 - Trade evaluation for F: Expected outcome: Loss
2024-10-03 11:45:35,692 - Adjusting strategy for F to avoid losses...
2024-10-03 11:45:35,692 - Consider adjusting entry point, price levels, or wait for better sentiment/volatility for F
2024-10-03 11:45:35,694 - Symbol: VALE, Change %: -3.01%
2024-10-03 11:45:36,093 - Trade evaluation for VALE: Expected outcome: Loss
2024-10-03 11:45:36,093 - Adjusting strategy for VALE to avoid losses...
2024-10-03 11:45:36,093 - Consider adjusting entry point, price levels, or wait for better sentiment/volatility for VALE
2024-10-03 11:45:36,096 - Symbol: HIMS, Change %: -9.82%
2024-10-03 11:45:36,456 - Trade evaluation for HIMS: Expected outcome: Profitable
2024-10-03 11:45:36,456 - Placing trade for HIMS with expected profitable outcome.
2024-10-03 11:45:36,584 - Error placing BUY order for HIMS: {"code":40310000,"existing_order_id":"68b7eaa3-e1ae-4e91-b020-ecb44c3a5ed8","message":"potential wash trade detected. use complex orders","reject_reason":"opposite side market/stop order exists"}
2024-10-03 11:45:36,584 - Placed call trade for HIMS, Quantity: 1, Price: 17.079999923706055
2024-10-03 11:45:36,585 - Symbol: NU, Change %: -1.21%
2024-10-03 11:45:36,898 - Trade evaluation for NU: Expected outcome: Loss
2024-10-03 11:45:36,898 - Adjusting strategy for NU to avoid losses...
2024-10-03 11:45:36,898 - Consider adjusting entry point, price levels, or wait for better sentiment/volatility for NU
2024-10-03 11:45:36,901 - Symbol: BBD, Change %: -2.40%
2024-10-03 11:45:37,376 - Trade evaluation for BBD: Expected outcome: Loss
2024-10-03 11:45:37,376 - Adjusting strategy for BBD to avoid losses...
2024-10-03 11:45:37,376 - Consider adjusting entry point, price levels, or wait for better sentiment/volatility for BBD
2024-10-03 11:45:37,379 - Symbol: AAL, Change %: +0.28%
2024-10-03 11:45:37,749 - Trade evaluation for AAL: Expected outcome: Loss
2024-10-03 11:45:37,749 - Adjusting strategy for AAL to avoid losses...
2024-10-03 11:45:37,749 - Consider adjusting entry point, price levels, or wait for better sentiment/volatility for AAL
2024-10-03 11:45:37,752 - Symbol: BEKE, Change %: +0.90%
2024-10-03 11:45:38,157 - Trade evaluation for BEKE: Expected outcome: Profitable
2024-10-03 11:45:38,157 - Placing trade for BEKE with expected profitable outcome.
2024-10-03 11:45:38,291 - Error placing BUY order for BEKE: {"code":40310000,"existing_order_id":"d5ae590a-fc50-4dc4-b8eb-a7d3936818a2","message":"potential wash trade detected. use complex orders","reject_reason":"opposite side market/stop order exists"}
2024-10-03 11:45:38,291 - Placed call trade for BEKE, Quantity: 1, Price: 24.774999618530273
2024-10-03 11:45:38,291 - Symbol: MARA, Change %: -0.89%
2024-10-03 11:45:38,647 - Trade evaluation for MARA: Expected outcome: Loss
2024-10-03 11:45:38,647 - Adjusting strategy for MARA to avoid losses...
2024-10-03 11:45:38,647 - Consider adjusting entry point, price levels, or wait for better sentiment/volatility for MARA
2024-10-03 11:45:38,650 - Symbol: RLX, Change %: +7.00%
2024-10-03 11:45:39,024 - Trade evaluation for RLX: Expected outcome: Profitable
2024-10-03 11:45:39,024 - Placing trade for RLX with expected profitable outcome.
2024-10-03 11:45:39,157 - Error placing BUY order for RLX: {"code":40310000,"existing_order_id":"b3c72630-4e17-4e63-9779-a13614332c99","message":"potential wash trade detected. use complex orders","reject_reason":"opposite side market/stop order exists"}
2024-10-03 11:45:39,157 - Placed call trade for RLX, Quantity: 1, Price: 1.909999966621399
2024-10-03 11:45:39,157 - Symbol: BILI, Change %: -7.54%
2024-10-03 11:45:39,524 - Trade evaluation for BILI: Expected outcome: Profitable
2024-10-03 11:45:39,524 - Placing trade for BILI with expected profitable outcome.
2024-10-03 11:45:39,657 - Error placing BUY order for BILI: {"code":40310000,"existing_order_id":"5bc7e118-20ad-41d3-8dc0-35c2f070ad1f","message":"potential wash trade detected. use complex orders","reject_reason":"opposite side market/stop order exists"}
2024-10-03 11:45:39,657 - Placed call trade for BILI, Quantity: 1, Price: 27.405000686645508
2024-10-03 11:45:39,657 - Symbol: AMZN, Change %: -1.09%
2024-10-03 11:45:39,961 - Trade evaluation for AMZN: Expected outcome: Loss
2024-10-03 11:45:39,961 - Adjusting strategy for AMZN to avoid losses...
2024-10-03 11:45:39,961 - Consider adjusting entry point, price levels, or wait for better sentiment/volatility for AMZN
2024-10-03 11:45:39,963 - Symbol: FUTU, Change %: +6.15%
2024-10-03 11:45:40,351 - Trade evaluation for FUTU: Expected outcome: Profitable
2024-10-03 11:45:40,351 - Placing trade for FUTU with expected profitable outcome.
2024-10-03 11:45:40,486 - Error placing BUY order for FUTU: {"code":40310000,"existing_order_id":"47072592-a404-48cd-9932-cb77098ada5e","message":"potential wash trade detected. use complex orders","reject_reason":"opposite side market/stop order exists"}
2024-10-03 11:45:40,486 - Placed call trade for FUTU, Quantity: 1, Price: 119.47000122070312
2024-10-03 11:50:56,114 - 
--- Starting new trading cycle ---
2024-10-03 11:50:56,974 - Symbol: NVDA, Change %: +2.94%
2024-10-03 11:50:57,650 - Trade evaluation for NVDA: Expected outcome: Loss
2024-10-03 11:50:57,650 - Adjusting strategy for NVDA to avoid losses...
2024-10-03 11:50:57,650 - Consider adjusting entry point, price levels, or wait for better sentiment/volatility for NVDA
2024-10-03 11:50:57,653 - Symbol: INND, Change %: 0.00%
2024-10-03 11:50:57,931 - Trade evaluation for INND: Expected outcome: Profitable
2024-10-03 11:50:57,931 - Analyzing options chain for INND to place a trade.
2024-10-03 11:50:58,057 - Error trading INND: type object 'datetime.datetime' has no attribute 'datetime'
2024-10-03 11:50:58,057 - Symbol: SWN, Change %: -0.56%
2024-10-03 11:50:58,249 - $SWN: possibly delisted; No price data found  (period=1d)
2024-10-03 11:50:58,249 - Error trading SWN: single positional indexer is out-of-bounds
2024-10-03 11:50:58,249 - Symbol: NIO, Change %: -5.96%
2024-10-03 11:50:58,561 - Trade evaluation for NIO: Expected outcome: Loss
2024-10-03 11:50:58,561 - Adjusting strategy for NIO to avoid losses...
2024-10-03 11:50:58,561 - Consider adjusting entry point, price levels, or wait for better sentiment/volatility for NIO
2024-10-03 11:50:58,564 - Symbol: TSLA, Change %: -2.91%
2024-10-03 11:50:58,917 - Trade evaluation for TSLA: Expected outcome: Loss
2024-10-03 11:50:58,917 - Adjusting strategy for TSLA to avoid losses...
2024-10-03 11:50:58,917 - Consider adjusting entry point, price levels, or wait for better sentiment/volatility for TSLA
2024-10-03 11:50:58,920 - Symbol: PLTR, Change %: +3.20%
2024-10-03 11:50:59,242 - Trade evaluation for PLTR: Expected outcome: Loss
2024-10-03 11:50:59,242 - Adjusting strategy for PLTR to avoid losses...
2024-10-03 11:50:59,242 - Consider adjusting entry point, price levels, or wait for better sentiment/volatility for PLTR
2024-10-03 11:50:59,245 - Symbol: INTC, Change %: -1.12%
2024-10-03 11:50:59,711 - Trade evaluation for INTC: Expected outcome: Loss
2024-10-03 11:50:59,711 - Adjusting strategy for INTC to avoid losses...
2024-10-03 11:50:59,711 - Consider adjusting entry point, price levels, or wait for better sentiment/volatility for INTC
2024-10-03 11:50:59,715 - Symbol: PWSC, Change %: -0.18%
2024-10-03 11:50:59,789 - $PWSC: possibly delisted; No price data found  (period=1d)
2024-10-03 11:50:59,791 - Error trading PWSC: single positional indexer is out-of-bounds
2024-10-03 11:50:59,791 - Symbol: BABA, Change %: -1.46%
2024-10-03 11:51:00,182 - Trade evaluation for BABA: Expected outcome: Loss
2024-10-03 11:51:00,182 - Adjusting strategy for BABA to avoid losses...
2024-10-03 11:51:00,182 - Consider adjusting entry point, price levels, or wait for better sentiment/volatility for BABA
2024-10-03 11:51:00,185 - Symbol: NU, Change %: -0.72%
2024-10-03 11:51:00,477 - Trade evaluation for NU: Expected outcome: Loss
2024-10-03 11:51:00,477 - Adjusting strategy for NU to avoid losses...
2024-10-03 11:51:00,477 - Consider adjusting entry point, price levels, or wait for better sentiment/volatility for NU
2024-10-03 11:51:00,481 - Symbol: JD, Change %: -0.41%
2024-10-03 11:51:00,895 - Trade evaluation for JD: Expected outcome: Loss
2024-10-03 11:51:00,895 - Adjusting strategy for JD to avoid losses...
2024-10-03 11:51:00,895 - Consider adjusting entry point, price levels, or wait for better sentiment/volatility for JD
2024-10-03 11:51:00,899 - Symbol: IQ, Change %: -6.01%
2024-10-03 11:51:01,269 - Trade evaluation for IQ: Expected outcome: Loss
2024-10-03 11:51:01,269 - Adjusting strategy for IQ to avoid losses...
2024-10-03 11:51:01,270 - Consider adjusting entry point, price levels, or wait for better sentiment/volatility for IQ
2024-10-03 11:51:01,273 - Symbol: F, Change %: -1.24%
2024-10-03 11:51:01,807 - Trade evaluation for F: Expected outcome: Loss
2024-10-03 11:51:01,807 - Adjusting strategy for F to avoid losses...
2024-10-03 11:51:01,807 - Consider adjusting entry point, price levels, or wait for better sentiment/volatility for F
2024-10-03 11:51:01,811 - Symbol: AMD, Change %: +2.11%
2024-10-03 11:51:02,160 - Trade evaluation for AMD: Expected outcome: Loss
2024-10-03 11:51:02,160 - Adjusting strategy for AMD to avoid losses...
2024-10-03 11:51:02,160 - Consider adjusting entry point, price levels, or wait for better sentiment/volatility for AMD
2024-10-03 11:51:02,164 - Symbol: SMCI, Change %: +0.88%
2024-10-03 11:51:02,502 - Trade evaluation for SMCI: Expected outcome: Loss
2024-10-03 11:51:02,502 - Adjusting strategy for SMCI to avoid losses...
2024-10-03 11:51:02,502 - Consider adjusting entry point, price levels, or wait for better sentiment/volatility for SMCI
2024-10-03 11:51:02,505 - Symbol: VALE, Change %: -3.10%
2024-10-03 11:51:02,879 - Trade evaluation for VALE: Expected outcome: Loss
2024-10-03 11:51:02,879 - Adjusting strategy for VALE to avoid losses...
2024-10-03 11:51:02,879 - Consider adjusting entry point, price levels, or wait for better sentiment/volatility for VALE
2024-10-03 11:51:02,883 - Symbol: HIMS, Change %: -9.84%
2024-10-03 11:51:03,191 - Trade evaluation for HIMS: Expected outcome: Profitable
2024-10-03 11:51:03,191 - Analyzing options chain for HIMS to place a trade.
2024-10-03 11:51:03,318 - Error trading HIMS: type object 'datetime.datetime' has no attribute 'datetime'
2024-10-03 11:51:03,318 - Symbol: BBD, Change %: -2.22%
2024-10-03 11:51:03,917 - Trade evaluation for BBD: Expected outcome: Loss
2024-10-03 11:51:03,917 - Adjusting strategy for BBD to avoid losses...
2024-10-03 11:51:03,917 - Consider adjusting entry point, price levels, or wait for better sentiment/volatility for BBD
2024-10-03 11:51:03,921 - Symbol: AAL, Change %: -0.23%
2024-10-03 11:51:04,271 - Trade evaluation for AAL: Expected outcome: Loss
2024-10-03 11:51:04,271 - Adjusting strategy for AAL to avoid losses...
2024-10-03 11:51:04,271 - Consider adjusting entry point, price levels, or wait for better sentiment/volatility for AAL
2024-10-03 11:51:04,274 - Symbol: BEKE, Change %: +0.65%
2024-10-03 11:51:04,575 - Trade evaluation for BEKE: Expected outcome: Profitable
2024-10-03 11:51:04,575 - Analyzing options chain for BEKE to place a trade.
2024-10-03 11:51:04,697 - Error trading BEKE: type object 'datetime.datetime' has no attribute 'datetime'
2024-10-03 11:51:04,698 - Symbol: MARA, Change %: -1.31%
2024-10-03 11:51:05,035 - Trade evaluation for MARA: Expected outcome: Loss
2024-10-03 11:51:05,035 - Adjusting strategy for MARA to avoid losses...
2024-10-03 11:51:05,035 - Consider adjusting entry point, price levels, or wait for better sentiment/volatility for MARA
2024-10-03 11:51:05,037 - Symbol: BILI, Change %: -7.67%
2024-10-03 11:51:05,318 - Trade evaluation for BILI: Expected outcome: Profitable
2024-10-03 11:51:05,318 - Analyzing options chain for BILI to place a trade.
2024-10-03 11:51:05,417 - Error trading BILI: type object 'datetime.datetime' has no attribute 'datetime'
2024-10-03 11:51:05,417 - Symbol: RLX, Change %: +6.42%
2024-10-03 11:51:05,759 - Trade evaluation for RLX: Expected outcome: Profitable
2024-10-03 11:51:05,759 - Analyzing options chain for RLX to place a trade.
2024-10-03 11:51:05,876 - Error trading RLX: type object 'datetime.datetime' has no attribute 'datetime'
2024-10-03 11:51:05,876 - Symbol: AMZN, Change %: -1.25%
2024-10-03 11:51:06,184 - Trade evaluation for AMZN: Expected outcome: Loss
2024-10-03 11:51:06,184 - Adjusting strategy for AMZN to avoid losses...
2024-10-03 11:51:06,185 - Consider adjusting entry point, price levels, or wait for better sentiment/volatility for AMZN
2024-10-03 11:51:06,188 - Symbol: FUTU, Change %: +6.07%
2024-10-03 11:51:06,563 - Trade evaluation for FUTU: Expected outcome: Profitable
2024-10-03 11:51:06,563 - Analyzing options chain for FUTU to place a trade.
2024-10-03 11:51:06,706 - Error trading FUTU: type object 'datetime.datetime' has no attribute 'datetime'
2024-10-03 11:53:20,821 - 
--- Starting new trading cycle ---
2024-10-03 11:53:21,228 - Symbol: NVDA, Change %: +2.94%
2024-10-03 11:53:21,907 - Trade evaluation for NVDA: Expected outcome: Loss
2024-10-03 11:53:21,907 - Adjusting strategy for NVDA to avoid losses...
2024-10-03 11:53:21,909 - Symbol: INND, Change %: 0.00%
2024-10-03 11:53:22,228 - Trade evaluation for INND: Expected outcome: Profitable
2024-10-03 11:53:22,301 - Error trading INND: type object 'datetime.datetime' has no attribute 'datetime'
2024-10-03 11:53:22,301 - Symbol: SWN, Change %: -0.56%
2024-10-03 11:53:22,469 - $SWN: possibly delisted; No price data found  (period=1d)
2024-10-03 11:53:22,470 - Error trading SWN: single positional indexer is out-of-bounds
2024-10-03 11:53:22,470 - Symbol: NIO, Change %: -5.96%
2024-10-03 11:53:22,861 - Trade evaluation for NIO: Expected outcome: Loss
2024-10-03 11:53:22,861 - Adjusting strategy for NIO to avoid losses...
2024-10-03 11:53:22,864 - Symbol: TSLA, Change %: -2.91%
2024-10-03 11:53:23,179 - Trade evaluation for TSLA: Expected outcome: Loss
2024-10-03 11:53:23,180 - Adjusting strategy for TSLA to avoid losses...
2024-10-03 11:53:23,182 - Symbol: PLTR, Change %: +3.20%
2024-10-03 11:53:23,530 - Trade evaluation for PLTR: Expected outcome: Loss
2024-10-03 11:53:23,530 - Adjusting strategy for PLTR to avoid losses...
2024-10-03 11:53:23,532 - Symbol: INTC, Change %: -1.12%
2024-10-03 11:53:24,049 - Trade evaluation for INTC: Expected outcome: Loss
2024-10-03 11:53:24,049 - Adjusting strategy for INTC to avoid losses...
2024-10-03 11:53:24,052 - Symbol: PWSC, Change %: -0.18%
2024-10-03 11:53:24,166 - $PWSC: possibly delisted; No price data found  (period=1d)
2024-10-03 11:53:24,166 - Error trading PWSC: single positional indexer is out-of-bounds
2024-10-03 11:53:24,166 - Symbol: BABA, Change %: -1.46%
2024-10-03 11:53:24,537 - Trade evaluation for BABA: Expected outcome: Loss
2024-10-03 11:53:24,537 - Adjusting strategy for BABA to avoid losses...
2024-10-03 11:53:24,540 - Symbol: NU, Change %: -0.72%
2024-10-03 11:53:24,866 - Trade evaluation for NU: Expected outcome: Loss
2024-10-03 11:53:24,866 - Adjusting strategy for NU to avoid losses...
2024-10-03 11:53:24,869 - Symbol: JD, Change %: -0.41%
2024-10-03 11:53:25,187 - Trade evaluation for JD: Expected outcome: Loss
2024-10-03 11:53:25,187 - Adjusting strategy for JD to avoid losses...
2024-10-03 11:53:25,189 - Symbol: IQ, Change %: -6.01%
2024-10-03 11:53:25,563 - Trade evaluation for IQ: Expected outcome: Loss
2024-10-03 11:53:25,563 - Adjusting strategy for IQ to avoid losses...
2024-10-03 11:53:25,566 - Symbol: F, Change %: -1.24%
2024-10-03 11:53:26,149 - Trade evaluation for F: Expected outcome: Loss
2024-10-03 11:53:26,150 - Adjusting strategy for F to avoid losses...
2024-10-03 11:53:26,153 - Symbol: AMD, Change %: +2.11%
2024-10-03 11:53:26,499 - Trade evaluation for AMD: Expected outcome: Loss
2024-10-03 11:53:26,500 - Adjusting strategy for AMD to avoid losses...
2024-10-03 11:53:26,502 - Symbol: SMCI, Change %: +0.88%
2024-10-03 11:56:07,377 - 
--- Starting new trading cycle ---
2024-10-03 11:56:08,192 - Symbol: NVDA, Change %: +2.79%
2024-10-03 11:56:08,807 - Trade evaluation for NVDA: Expected outcome: Loss
2024-10-03 11:56:08,807 - Adjusting strategy for NVDA to avoid losses...
2024-10-03 11:56:08,807 - Consider adjusting entry point, price levels, or wait for better sentiment/volatility for NVDA
2024-10-03 11:56:08,810 - Symbol: INND, Change %: 0.00%
2024-10-03 11:56:09,111 - Trade evaluation for INND: Expected outcome: Profitable
2024-10-03 11:56:09,111 - Analyzing options chain for INND to place a trade.
2024-10-03 11:56:09,225 - Error trading INND: type object 'datetime.datetime' has no attribute 'datetime'
2024-10-03 11:56:09,225 - Symbol: SWN, Change %: -0.56%
2024-10-03 11:56:09,385 - $SWN: possibly delisted; No price data found  (period=1d)
2024-10-03 11:56:09,386 - Error trading SWN: single positional indexer is out-of-bounds
2024-10-03 11:56:09,386 - Symbol: NIO, Change %: -6.37%
2024-10-03 11:56:09,788 - Trade evaluation for NIO: Expected outcome: Loss
2024-10-03 11:56:09,788 - Adjusting strategy for NIO to avoid losses...
2024-10-03 11:56:09,788 - Consider adjusting entry point, price levels, or wait for better sentiment/volatility for NIO
2024-10-03 11:56:09,791 - Symbol: TSLA, Change %: -3.36%
2024-10-03 11:56:10,053 - Trade evaluation for TSLA: Expected outcome: Loss
2024-10-03 11:56:10,053 - Adjusting strategy for TSLA to avoid losses...
2024-10-03 11:56:10,053 - Consider adjusting entry point, price levels, or wait for better sentiment/volatility for TSLA
2024-10-03 11:56:10,056 - Symbol: PLTR, Change %: +2.93%
2024-10-03 11:56:10,397 - Trade evaluation for PLTR: Expected outcome: Loss
2024-10-03 11:56:10,397 - Adjusting strategy for PLTR to avoid losses...
2024-10-03 11:56:10,397 - Consider adjusting entry point, price levels, or wait for better sentiment/volatility for PLTR
2024-10-03 11:56:10,399 - Symbol: INTC, Change %: -1.43%
2024-10-03 11:56:10,970 - Trade evaluation for INTC: Expected outcome: Loss
2024-10-03 11:56:10,970 - Adjusting strategy for INTC to avoid losses...
2024-10-03 11:56:10,970 - Consider adjusting entry point, price levels, or wait for better sentiment/volatility for INTC
2024-10-03 11:56:10,973 - Symbol: PWSC, Change %: -0.18%
2024-10-03 11:56:11,087 - $PWSC: possibly delisted; No price data found  (period=1d)
2024-10-03 11:56:11,088 - Error trading PWSC: single positional indexer is out-of-bounds
2024-10-03 11:56:11,088 - Symbol: BABA, Change %: -1.61%
2024-10-03 11:56:11,341 - Trade evaluation for BABA: Expected outcome: Loss
2024-10-03 11:56:11,341 - Adjusting strategy for BABA to avoid losses...
2024-10-03 11:56:11,341 - Consider adjusting entry point, price levels, or wait for better sentiment/volatility for BABA
2024-10-03 11:56:11,344 - Symbol: NU, Change %: -0.95%
2024-10-03 11:56:11,837 - Trade evaluation for NU: Expected outcome: Loss
2024-10-03 11:56:11,837 - Adjusting strategy for NU to avoid losses...
2024-10-03 11:56:11,837 - Consider adjusting entry point, price levels, or wait for better sentiment/volatility for NU
2024-10-03 11:56:11,839 - Symbol: F, Change %: -1.29%
2024-10-03 11:56:12,449 - Trade evaluation for F: Expected outcome: Loss
2024-10-03 11:56:12,449 - Adjusting strategy for F to avoid losses...
2024-10-03 11:56:12,449 - Consider adjusting entry point, price levels, or wait for better sentiment/volatility for F
2024-10-03 11:56:12,452 - Symbol: JD, Change %: -0.51%
2024-10-03 11:56:12,793 - Trade evaluation for JD: Expected outcome: Loss
2024-10-03 11:56:12,793 - Adjusting strategy for JD to avoid losses...
2024-10-03 11:56:12,793 - Consider adjusting entry point, price levels, or wait for better sentiment/volatility for JD
2024-10-03 11:56:12,796 - Symbol: IQ, Change %: -6.27%
2024-10-03 11:56:13,128 - Trade evaluation for IQ: Expected outcome: Loss
2024-10-03 11:56:13,128 - Adjusting strategy for IQ to avoid losses...
2024-10-03 11:56:13,128 - Consider adjusting entry point, price levels, or wait for better sentiment/volatility for IQ
2024-10-03 11:56:13,131 - Symbol: AMD, Change %: +1.83%
2024-10-03 11:56:13,467 - Trade evaluation for AMD: Expected outcome: Loss
2024-10-03 11:56:13,467 - Adjusting strategy for AMD to avoid losses...
2024-10-03 11:56:13,467 - Consider adjusting entry point, price levels, or wait for better sentiment/volatility for AMD
2024-10-03 11:56:13,470 - Symbol: SMCI, Change %: +0.57%
2024-10-03 11:56:13,799 - Trade evaluation for SMCI: Expected outcome: Loss
2024-10-03 11:56:13,799 - Adjusting strategy for SMCI to avoid losses...
2024-10-03 11:56:13,799 - Consider adjusting entry point, price levels, or wait for better sentiment/volatility for SMCI
2024-10-03 11:56:13,802 - Symbol: VALE, Change %: -3.23%
2024-10-03 11:56:14,297 - Trade evaluation for VALE: Expected outcome: Loss
2024-10-03 11:56:14,297 - Adjusting strategy for VALE to avoid losses...
2024-10-03 11:56:14,297 - Consider adjusting entry point, price levels, or wait for better sentiment/volatility for VALE
2024-10-03 11:56:14,300 - Symbol: HIMS, Change %: -10.65%
2024-10-03 11:56:14,685 - Trade evaluation for HIMS: Expected outcome: Profitable
2024-10-03 11:56:14,686 - Analyzing options chain for HIMS to place a trade.
2024-10-03 11:56:14,815 - Error trading HIMS: type object 'datetime.datetime' has no attribute 'datetime'
2024-10-03 11:56:14,816 - Symbol: BBD, Change %: -2.40%
2024-10-03 11:56:15,272 - Trade evaluation for BBD: Expected outcome: Loss
2024-10-03 11:56:15,272 - Adjusting strategy for BBD to avoid losses...
2024-10-03 11:56:15,272 - Consider adjusting entry point, price levels, or wait for better sentiment/volatility for BBD
2024-10-03 11:56:15,274 - Symbol: AAL, Change %: -0.35%
2024-10-03 11:56:15,730 - Trade evaluation for AAL: Expected outcome: Loss
2024-10-03 11:56:15,730 - Adjusting strategy for AAL to avoid losses...
2024-10-03 11:56:15,730 - Consider adjusting entry point, price levels, or wait for better sentiment/volatility for AAL
2024-10-03 11:56:15,732 - Symbol: BEKE, Change %: +0.28%
2024-10-03 11:56:16,135 - Trade evaluation for BEKE: Expected outcome: Profitable
2024-10-03 11:56:16,136 - Analyzing options chain for BEKE to place a trade.
2024-10-03 11:56:16,262 - Error trading BEKE: type object 'datetime.datetime' has no attribute 'datetime'
2024-10-03 11:56:16,262 - Symbol: MARA, Change %: -1.78%
2024-10-03 11:56:16,605 - Trade evaluation for MARA: Expected outcome: Loss
2024-10-03 11:56:16,605 - Adjusting strategy for MARA to avoid losses...
2024-10-03 11:56:16,606 - Consider adjusting entry point, price levels, or wait for better sentiment/volatility for MARA
2024-10-03 11:56:16,608 - Symbol: AMZN, Change %: -1.41%
2024-10-03 11:56:16,949 - Trade evaluation for AMZN: Expected outcome: Loss
2024-10-03 11:56:16,949 - Adjusting strategy for AMZN to avoid losses...
2024-10-03 11:56:16,949 - Consider adjusting entry point, price levels, or wait for better sentiment/volatility for AMZN
2024-10-03 11:56:16,952 - Symbol: RLX, Change %: +6.42%
2024-10-03 11:56:17,257 - Trade evaluation for RLX: Expected outcome: Profitable
2024-10-03 11:56:17,257 - Analyzing options chain for RLX to place a trade.
2024-10-03 11:56:17,371 - Error trading RLX: type object 'datetime.datetime' has no attribute 'datetime'
2024-10-03 11:56:17,371 - Symbol: BILI, Change %: -8.09%
2024-10-03 11:56:17,762 - Trade evaluation for BILI: Expected outcome: Profitable
2024-10-03 11:56:17,762 - Analyzing options chain for BILI to place a trade.
2024-10-03 11:56:17,909 - Error trading BILI: type object 'datetime.datetime' has no attribute 'datetime'
2024-10-03 11:56:17,909 - Symbol: FUTU, Change %: +5.71%
2024-10-03 11:56:18,248 - Trade evaluation for FUTU: Expected outcome: Profitable
2024-10-03 11:56:18,248 - Analyzing options chain for FUTU to place a trade.
2024-10-03 11:56:18,393 - Error trading FUTU: type object 'datetime.datetime' has no attribute 'datetime'
2024-10-03 11:59:14,235 - 
--- Starting new trading cycle ---
2024-10-03 11:59:14,691 - Symbol: NVDA, Change %: +2.79%
2024-10-03 11:59:15,408 - Trade evaluation for NVDA: Expected outcome: Loss
2024-10-03 11:59:15,408 - Adjusting strategy for NVDA to avoid losses...
2024-10-03 11:59:15,408 - Consider adjusting entry point, price levels, or wait for better sentiment/volatility for NVDA
2024-10-03 11:59:15,410 - Symbol: INND, Change %: 0.00%
2024-10-03 11:59:15,770 - Trade evaluation for INND: Expected outcome: Profitable
2024-10-03 11:59:15,770 - Analyzing options chain for INND to place a trade.
2024-10-03 11:59:15,877 - Error trading INND: type object 'datetime.datetime' has no attribute 'datetime'
2024-10-03 11:59:15,877 - Symbol: SWN, Change %: -0.56%
2024-10-03 11:59:16,032 - $SWN: possibly delisted; No price data found  (period=1d)
2024-10-03 11:59:16,032 - Error trading SWN: single positional indexer is out-of-bounds
2024-10-03 11:59:16,032 - Symbol: NIO, Change %: -6.37%
2024-10-03 11:59:16,409 - Trade evaluation for NIO: Expected outcome: Loss
2024-10-03 11:59:16,409 - Adjusting strategy for NIO to avoid losses...
2024-10-03 11:59:16,409 - Consider adjusting entry point, price levels, or wait for better sentiment/volatility for NIO
2024-10-03 11:59:16,412 - Symbol: TSLA, Change %: -3.36%
2024-10-03 11:59:16,722 - Trade evaluation for TSLA: Expected outcome: Loss
2024-10-03 11:59:16,722 - Adjusting strategy for TSLA to avoid losses...
2024-10-03 11:59:16,722 - Consider adjusting entry point, price levels, or wait for better sentiment/volatility for TSLA
2024-10-03 11:59:16,725 - Symbol: PLTR, Change %: +2.93%
2024-10-03 11:59:17,064 - Trade evaluation for PLTR: Expected outcome: Loss
2024-10-03 11:59:17,064 - Adjusting strategy for PLTR to avoid losses...
2024-10-03 11:59:17,064 - Consider adjusting entry point, price levels, or wait for better sentiment/volatility for PLTR
2024-10-03 11:59:17,067 - Symbol: INTC, Change %: -1.43%
2024-10-03 11:59:17,496 - Trade evaluation for INTC: Expected outcome: Loss
2024-10-03 11:59:17,496 - Adjusting strategy for INTC to avoid losses...
2024-10-03 11:59:17,496 - Consider adjusting entry point, price levels, or wait for better sentiment/volatility for INTC
2024-10-03 11:59:17,498 - Symbol: PWSC, Change %: -0.18%
2024-10-03 11:59:17,573 - $PWSC: possibly delisted; No price data found  (period=1d)
2024-10-03 11:59:17,573 - Error trading PWSC: single positional indexer is out-of-bounds
2024-10-03 11:59:17,573 - Symbol: BABA, Change %: -1.61%
2024-10-03 11:59:18,007 - Trade evaluation for BABA: Expected outcome: Loss
2024-10-03 11:59:18,007 - Adjusting strategy for BABA to avoid losses...
2024-10-03 11:59:18,007 - Consider adjusting entry point, price levels, or wait for better sentiment/volatility for BABA
2024-10-03 11:59:18,010 - Symbol: NU, Change %: -0.95%
2024-10-03 11:59:18,423 - Trade evaluation for NU: Expected outcome: Loss
2024-10-03 11:59:18,423 - Adjusting strategy for NU to avoid losses...
2024-10-03 11:59:18,423 - Consider adjusting entry point, price levels, or wait for better sentiment/volatility for NU
2024-10-03 11:59:18,425 - Symbol: F, Change %: -1.29%
2024-10-03 11:59:18,982 - Trade evaluation for F: Expected outcome: Loss
2024-10-03 11:59:18,982 - Adjusting strategy for F to avoid losses...
2024-10-03 11:59:18,982 - Consider adjusting entry point, price levels, or wait for better sentiment/volatility for F
2024-10-03 11:59:18,985 - Symbol: JD, Change %: -0.51%
2024-10-03 11:59:19,353 - Trade evaluation for JD: Expected outcome: Loss
2024-10-03 11:59:19,353 - Adjusting strategy for JD to avoid losses...
2024-10-03 11:59:19,353 - Consider adjusting entry point, price levels, or wait for better sentiment/volatility for JD
2024-10-03 11:59:19,355 - Symbol: IQ, Change %: -6.27%
2024-10-03 11:59:19,765 - Trade evaluation for IQ: Expected outcome: Loss
2024-10-03 11:59:19,765 - Adjusting strategy for IQ to avoid losses...
2024-10-03 11:59:19,765 - Consider adjusting entry point, price levels, or wait for better sentiment/volatility for IQ
2024-10-03 11:59:19,768 - Symbol: AMD, Change %: +1.83%
2024-10-03 11:59:20,042 - Trade evaluation for AMD: Expected outcome: Loss
2024-10-03 11:59:20,042 - Adjusting strategy for AMD to avoid losses...
2024-10-03 11:59:20,042 - Consider adjusting entry point, price levels, or wait for better sentiment/volatility for AMD
2024-10-03 11:59:20,044 - Symbol: SMCI, Change %: +0.57%
2024-10-03 11:59:20,386 - Trade evaluation for SMCI: Expected outcome: Loss
2024-10-03 11:59:20,386 - Adjusting strategy for SMCI to avoid losses...
2024-10-03 11:59:20,386 - Consider adjusting entry point, price levels, or wait for better sentiment/volatility for SMCI
2024-10-03 11:59:20,388 - Symbol: VALE, Change %: -3.23%
2024-10-03 11:59:20,769 - Trade evaluation for VALE: Expected outcome: Loss
2024-10-03 11:59:20,769 - Adjusting strategy for VALE to avoid losses...
2024-10-03 11:59:20,769 - Consider adjusting entry point, price levels, or wait for better sentiment/volatility for VALE
2024-10-03 11:59:20,771 - Symbol: HIMS, Change %: -10.65%
2024-10-03 11:59:21,108 - Trade evaluation for HIMS: Expected outcome: Profitable
2024-10-03 11:59:21,108 - Analyzing options chain for HIMS to place a trade.
2024-10-03 11:59:21,210 - Error trading HIMS: type object 'datetime.datetime' has no attribute 'datetime'
2024-10-03 11:59:21,210 - Symbol: BBD, Change %: -2.40%
2024-10-03 11:59:21,716 - Trade evaluation for BBD: Expected outcome: Loss
2024-10-03 11:59:21,716 - Adjusting strategy for BBD to avoid losses...
2024-10-03 11:59:21,716 - Consider adjusting entry point, price levels, or wait for better sentiment/volatility for BBD
2024-10-03 11:59:21,718 - Symbol: AAL, Change %: -0.35%
2024-10-03 11:59:22,097 - Trade evaluation for AAL: Expected outcome: Loss
2024-10-03 11:59:22,097 - Adjusting strategy for AAL to avoid losses...
2024-10-03 11:59:22,097 - Consider adjusting entry point, price levels, or wait for better sentiment/volatility for AAL
2024-10-03 11:59:22,100 - Symbol: BEKE, Change %: +0.28%
2024-10-03 11:59:22,445 - Trade evaluation for BEKE: Expected outcome: Profitable
2024-10-03 11:59:22,445 - Analyzing options chain for BEKE to place a trade.
2024-10-03 11:59:22,586 - Error trading BEKE: type object 'datetime.datetime' has no attribute 'datetime'
2024-10-03 11:59:22,586 - Symbol: MARA, Change %: -1.78%
2024-10-03 11:59:22,974 - Trade evaluation for MARA: Expected outcome: Loss
2024-10-03 11:59:22,974 - Adjusting strategy for MARA to avoid losses...
2024-10-03 11:59:22,974 - Consider adjusting entry point, price levels, or wait for better sentiment/volatility for MARA
2024-10-03 11:59:22,977 - Symbol: AMZN, Change %: -1.41%
2024-10-03 11:59:23,321 - Trade evaluation for AMZN: Expected outcome: Loss
2024-10-03 11:59:23,321 - Adjusting strategy for AMZN to avoid losses...
2024-10-03 11:59:23,321 - Consider adjusting entry point, price levels, or wait for better sentiment/volatility for AMZN
2024-10-03 11:59:23,324 - Symbol: RLX, Change %: +6.42%
2024-10-03 11:59:23,696 - Trade evaluation for RLX: Expected outcome: Profitable
2024-10-03 11:59:23,696 - Analyzing options chain for RLX to place a trade.
2024-10-03 11:59:23,785 - Error trading RLX: type object 'datetime.datetime' has no attribute 'datetime'
2024-10-03 11:59:23,785 - Symbol: BILI, Change %: -8.09%
2024-10-03 11:59:24,043 - Trade evaluation for BILI: Expected outcome: Profitable
2024-10-03 11:59:24,043 - Analyzing options chain for BILI to place a trade.
2024-10-03 11:59:24,214 - Error trading BILI: type object 'datetime.datetime' has no attribute 'datetime'
2024-10-03 11:59:24,214 - Symbol: FUTU, Change %: +5.71%
2024-10-03 11:59:24,586 - Trade evaluation for FUTU: Expected outcome: Profitable
2024-10-03 11:59:24,586 - Analyzing options chain for FUTU to place a trade.
2024-10-03 11:59:24,757 - Error trading FUTU: type object 'datetime.datetime' has no attribute 'datetime'
2024-10-03 12:24:11,535 - 
--- Starting new trading cycle ---
2024-10-03 12:24:11,870 - Symbol: NVDA, Change %: +2.74%
2024-10-03 12:24:12,614 - Trade evaluation for NVDA: Expected outcome: Loss
2024-10-03 12:24:12,614 - Adjusting strategy for NVDA to avoid losses...
2024-10-03 12:24:12,614 - Consider adjusting entry point, price levels, or wait for better sentiment/volatility for NVDA
2024-10-03 12:24:12,617 - Symbol: INND, Change %: 0.00%
2024-10-03 12:24:12,984 - Trade evaluation for INND: Expected outcome: Profitable
2024-10-03 12:24:12,985 - Analyzing options chain for INND to place a trade.
2024-10-03 12:24:13,114 - Error trading INND: type object 'datetime.datetime' has no attribute 'datetime'
2024-10-03 12:24:13,114 - Symbol: SWN, Change %: -0.56%
2024-10-03 12:24:13,232 - $SWN: possibly delisted; No price data found  (period=1d)
2024-10-03 12:24:13,232 - Error trading SWN: single positional indexer is out-of-bounds
2024-10-03 12:24:13,232 - Symbol: NIO, Change %: -5.48%
2024-10-03 12:24:13,620 - Trade evaluation for NIO: Expected outcome: Loss
2024-10-03 12:24:13,620 - Adjusting strategy for NIO to avoid losses...
2024-10-03 12:24:13,620 - Consider adjusting entry point, price levels, or wait for better sentiment/volatility for NIO
2024-10-03 12:24:13,623 - Symbol: TSLA, Change %: -3.76%
2024-10-03 12:24:13,941 - Trade evaluation for TSLA: Expected outcome: Loss
2024-10-03 12:24:13,941 - Adjusting strategy for TSLA to avoid losses...
2024-10-03 12:24:13,941 - Consider adjusting entry point, price levels, or wait for better sentiment/volatility for TSLA
2024-10-03 12:24:13,944 - Symbol: PLTR, Change %: +2.88%
2024-10-03 12:24:14,323 - Trade evaluation for PLTR: Expected outcome: Loss
2024-10-03 12:24:14,323 - Adjusting strategy for PLTR to avoid losses...
2024-10-03 12:24:14,323 - Consider adjusting entry point, price levels, or wait for better sentiment/volatility for PLTR
2024-10-03 12:24:14,327 - Symbol: INTC, Change %: -1.36%
2024-10-03 12:24:14,859 - Trade evaluation for INTC: Expected outcome: Loss
2024-10-03 12:24:14,859 - Adjusting strategy for INTC to avoid losses...
2024-10-03 12:24:14,859 - Consider adjusting entry point, price levels, or wait for better sentiment/volatility for INTC
2024-10-03 12:24:14,861 - Symbol: PWSC, Change %: -0.18%
2024-10-03 12:24:14,966 - $PWSC: possibly delisted; No price data found  (period=1d)
2024-10-03 12:24:14,966 - Error trading PWSC: single positional indexer is out-of-bounds
2024-10-03 12:24:14,966 - Symbol: BABA, Change %: -1.80%
2024-10-03 12:24:15,539 - Trade evaluation for BABA: Expected outcome: Loss
2024-10-03 12:24:15,539 - Adjusting strategy for BABA to avoid losses...
2024-10-03 12:24:15,539 - Consider adjusting entry point, price levels, or wait for better sentiment/volatility for BABA
2024-10-03 12:24:15,542 - Symbol: F, Change %: -1.24%
2024-10-03 12:24:16,122 - Trade evaluation for F: Expected outcome: Loss
2024-10-03 12:24:16,123 - Adjusting strategy for F to avoid losses...
2024-10-03 12:24:16,123 - Consider adjusting entry point, price levels, or wait for better sentiment/volatility for F
2024-10-03 12:24:16,126 - Symbol: NU, Change %: -1.02%
2024-10-03 12:24:16,522 - Trade evaluation for NU: Expected outcome: Loss
2024-10-03 12:24:16,522 - Adjusting strategy for NU to avoid losses...
2024-10-03 12:24:16,522 - Consider adjusting entry point, price levels, or wait for better sentiment/volatility for NU
2024-10-03 12:24:16,525 - Symbol: JD, Change %: -0.64%
2024-10-03 12:24:16,871 - Trade evaluation for JD: Expected outcome: Loss
2024-10-03 12:24:16,871 - Adjusting strategy for JD to avoid losses...
2024-10-03 12:24:16,871 - Consider adjusting entry point, price levels, or wait for better sentiment/volatility for JD
2024-10-03 12:24:16,874 - Symbol: AMD, Change %: +1.54%
2024-10-03 12:24:17,206 - Trade evaluation for AMD: Expected outcome: Loss
2024-10-03 12:24:17,206 - Adjusting strategy for AMD to avoid losses...
2024-10-03 12:24:17,206 - Consider adjusting entry point, price levels, or wait for better sentiment/volatility for AMD
2024-10-03 12:24:17,210 - Symbol: VALE, Change %: -3.18%
2024-10-03 12:24:17,623 - Trade evaluation for VALE: Expected outcome: Loss
2024-10-03 12:24:17,623 - Adjusting strategy for VALE to avoid losses...
2024-10-03 12:24:17,623 - Consider adjusting entry point, price levels, or wait for better sentiment/volatility for VALE
2024-10-03 12:24:17,626 - Symbol: SMCI, Change %: +0.31%
2024-10-03 12:24:17,951 - Trade evaluation for SMCI: Expected outcome: Loss
2024-10-03 12:24:17,951 - Adjusting strategy for SMCI to avoid losses...
2024-10-03 12:24:17,951 - Consider adjusting entry point, price levels, or wait for better sentiment/volatility for SMCI
2024-10-03 12:24:17,954 - Symbol: IQ, Change %: -6.01%
2024-10-03 12:24:18,269 - Trade evaluation for IQ: Expected outcome: Loss
2024-10-03 12:24:18,269 - Adjusting strategy for IQ to avoid losses...
2024-10-03 12:24:18,269 - Consider adjusting entry point, price levels, or wait for better sentiment/volatility for IQ
2024-10-03 12:24:18,272 - Symbol: HIMS, Change %: -11.51%
2024-10-03 12:24:18,647 - Trade evaluation for HIMS: Expected outcome: Profitable
2024-10-03 12:24:18,647 - Analyzing options chain for HIMS to place a trade.
2024-10-03 12:24:18,785 - Error trading HIMS: type object 'datetime.datetime' has no attribute 'datetime'
2024-10-03 12:24:18,785 - Symbol: BBD, Change %: -2.41%
2024-10-03 12:24:19,222 - Trade evaluation for BBD: Expected outcome: Loss
2024-10-03 12:24:19,222 - Adjusting strategy for BBD to avoid losses...
2024-10-03 12:24:19,223 - Consider adjusting entry point, price levels, or wait for better sentiment/volatility for BBD
2024-10-03 12:24:19,226 - Symbol: AAL, Change %: -0.42%
2024-10-03 12:24:19,547 - Trade evaluation for AAL: Expected outcome: Loss
2024-10-03 12:24:19,548 - Adjusting strategy for AAL to avoid losses...
2024-10-03 12:24:19,548 - Consider adjusting entry point, price levels, or wait for better sentiment/volatility for AAL
2024-10-03 12:24:19,551 - Symbol: ABEV, Change %: -2.35%
2024-10-03 12:24:19,966 - Trade evaluation for ABEV: Expected outcome: Loss
2024-10-03 12:24:19,966 - Adjusting strategy for ABEV to avoid losses...
2024-10-03 12:24:19,966 - Consider adjusting entry point, price levels, or wait for better sentiment/volatility for ABEV
2024-10-03 12:24:19,969 - Symbol: BEKE, Change %: +0.85%
2024-10-03 12:24:20,343 - Trade evaluation for BEKE: Expected outcome: Profitable
2024-10-03 12:24:20,343 - Analyzing options chain for BEKE to place a trade.
2024-10-03 12:24:20,488 - Error trading BEKE: type object 'datetime.datetime' has no attribute 'datetime'
2024-10-03 12:24:20,488 - Symbol: MARA, Change %: -1.74%
2024-10-03 12:24:20,826 - Trade evaluation for MARA: Expected outcome: Loss
2024-10-03 12:24:20,826 - Adjusting strategy for MARA to avoid losses...
2024-10-03 12:24:20,826 - Consider adjusting entry point, price levels, or wait for better sentiment/volatility for MARA
2024-10-03 12:24:20,830 - Symbol: AMZN, Change %: -1.48%
2024-10-03 12:24:21,233 - Trade evaluation for AMZN: Expected outcome: Loss
2024-10-03 12:24:21,233 - Adjusting strategy for AMZN to avoid losses...
2024-10-03 12:24:21,233 - Consider adjusting entry point, price levels, or wait for better sentiment/volatility for AMZN
2024-10-03 12:24:21,236 - Symbol: AAPL, Change %: -1.34%
2024-10-03 12:24:21,743 - Trade evaluation for AAPL: Expected outcome: Loss
2024-10-03 12:24:21,743 - Adjusting strategy for AAPL to avoid losses...
2024-10-03 12:24:21,743 - Consider adjusting entry point, price levels, or wait for better sentiment/volatility for AAPL
2024-10-03 12:24:21,746 - Symbol: CCL, Change %: -2.48%
2024-10-03 12:24:22,238 - Trade evaluation for CCL: Expected outcome: Loss
2024-10-03 12:24:22,239 - Adjusting strategy for CCL to avoid losses...
2024-10-03 12:24:22,239 - Consider adjusting entry point, price levels, or wait for better sentiment/volatility for CCL
